<?xml version="1.0" encoding="UTF-8"?>
<!-- Generated by org.testng.reporters.JUnitReportReporter -->
<testsuite hostname="LAPTOP-BON7O57K" failures="0" tests="4" name="java_package.groups_priority" time="9.360" errors="0" timestamp="2025-08-11T18:07:33 IST" skipped="0">
  <testcase classname="java_package.groups_priority" name="get_up" time="5.293"/>
  <testcase classname="java_package.groups_priority" name="checkbox" time="1.786"/>
  <testcase classname="java_package.groups_priority" name="radiobtn" time="1.632"/>
  <testcase classname="java_package.groups_priority" name="close_up" time="0.649"/>
</testsuite> <!-- java_package.groups_priority -->
