<?xml version="1.0" encoding="UTF-8"?>
<!-- Generated by org.testng.reporters.JUnitReportReporter -->
<testsuite hostname="LAPTOP-BON7O57K" failures="0" tests="4" name="java_package.group_impl" time="13.598" errors="0" timestamp="2025-08-11T17:57:42 IST" skipped="0">
  <testcase classname="java_package.group_impl" name="get_up" time="6.001"/>
  <testcase classname="java_package.group_impl" name="checkbox" time="3.296"/>
  <testcase classname="java_package.group_impl" name="radiobtn" time="3.138"/>
  <testcase classname="java_package.group_impl" name="close_up" time="1.163"/>
</testsuite> <!-- java_package.group_impl -->
