<?xml version="1.0" encoding="UTF-8"?>
<!-- Generated by org.testng.reporters.JUnitReportReporter -->
<testsuite hostname="LAPTOP-BON7O57K" failures="0" tests="1" name="java_package.extent_reports_assertions_in_testNG" time="0.851" errors="0" timestamp="2025-08-14T14:41:21 IST" skipped="0">
  <testcase classname="java_package.extent_reports_assertions_in_testNG" name="get_info" time="0.851"/>
</testsuite> <!-- java_package.extent_reports_assertions_in_testNG -->
