<?xml version="1.0" encoding="UTF-8"?>
<!-- Generated by org.testng.reporters.JUnitReportReporter -->
<testsuite hostname="LAPTOP-BON7O57K" failures="0" tests="3" name="jv_package.testNG_annotations" time="12.955" errors="0" timestamp="2025-08-09T17:48:52 IST" skipped="0">
  <testcase classname="jv_package.testNG_annotations" name="setup" time="4.410"/>
  <testcase classname="jv_package.testNG_annotations" name="check_box" time="4.339"/>
  <testcase classname="jv_package.testNG_annotations" name="radio_button" time="4.206"/>
</testsuite> <!-- jv_package.testNG_annotations -->
